e:\code\third-party\osip\platform\vsnet\osip2\x64\debug\osip2-vc80.pdb
e:\code\third-party\osip\platform\vsnet\osip2\x64\debug\port_thread.obj
e:\code\third-party\osip\platform\vsnet\osip2\x64\debug\port_sema.obj
e:\code\third-party\osip\platform\vsnet\osip2\x64\debug\port_fifo.obj
e:\code\third-party\osip\platform\vsnet\osip2\x64\debug\port_condv.obj
e:\code\third-party\osip\platform\vsnet\osip2\x64\debug\osip_transaction.obj
e:\code\third-party\osip\platform\vsnet\osip2\x64\debug\osip_time.obj
e:\code\third-party\osip\platform\vsnet\osip2\x64\debug\osip_event.obj
e:\code\third-party\osip\platform\vsnet\osip2\x64\debug\osip_dialog.obj
e:\code\third-party\osip\platform\vsnet\osip2\x64\debug\osip.obj
e:\code\third-party\osip\platform\vsnet\osip2\x64\debug\nist_fsm.obj
e:\code\third-party\osip\platform\vsnet\osip2\x64\debug\nist.obj
e:\code\third-party\osip\platform\vsnet\osip2\x64\debug\nict_fsm.obj
e:\code\third-party\osip\platform\vsnet\osip2\x64\debug\nict.obj
e:\code\third-party\osip\platform\vsnet\osip2\x64\debug\ist_fsm.obj
e:\code\third-party\osip\platform\vsnet\osip2\x64\debug\ist.obj
e:\code\third-party\osip\platform\vsnet\osip2\x64\debug\ict_fsm.obj
e:\code\third-party\osip\platform\vsnet\osip2\x64\debug\ict.obj
e:\code\third-party\osip\platform\vsnet\osip2\x64\debug\fsm_misc.obj
e:\code\third-party\exosip\platform\vsnet\v141\x64\debug\osip2.lib
e:\code\third-party\exosip\platform\vsnet\v141\x64\debug\osip2.ilk
e:\code\third-party\exosip\platform\vsnet\v141\x64\debug\osip2.dll
e:\code\third-party\exosip\platform\vsnet\v141\x64\debug\osip2.pdb
e:\code\third-party\osip\platform\vsnet\osip2\x64\debug\osip2.tlog\cl.command.1.tlog
e:\code\third-party\osip\platform\vsnet\osip2\x64\debug\osip2.tlog\cl.read.1.tlog
e:\code\third-party\osip\platform\vsnet\osip2\x64\debug\osip2.tlog\cl.write.1.tlog
e:\code\third-party\osip\platform\vsnet\osip2\x64\debug\osip2.tlog\lib-link.read.1.tlog
e:\code\third-party\osip\platform\vsnet\osip2\x64\debug\osip2.tlog\lib-link.write.1.tlog
e:\code\third-party\osip\platform\vsnet\osip2\x64\debug\osip2.tlog\lib.command.1.tlog
e:\code\third-party\osip\platform\vsnet\osip2\x64\debug\osip2.tlog\link.command.1.tlog
e:\code\third-party\osip\platform\vsnet\osip2\x64\debug\osip2.tlog\link.read.1.tlog
e:\code\third-party\osip\platform\vsnet\osip2\x64\debug\osip2.tlog\link.write.1.tlog
e:\code\third-party\osip\platform\vsnet\osip2\x64\debug\osip2.tlog\osip2.write.1u.tlog
