e:\code\third-party\osip\platform\vsnet\osipparser2\x64\debug\osipparser2-vc80.pdb
e:\code\third-party\osip\platform\vsnet\osipparser2\x64\debug\osip_list.obj
e:\code\third-party\osip\platform\vsnet\osipparser2\x64\debug\osip_header.obj
e:\code\third-party\osip\platform\vsnet\osipparser2\x64\debug\osip_from.obj
e:\code\third-party\osip\platform\vsnet\osipparser2\x64\debug\osip_error_info.obj
e:\code\third-party\osip\platform\vsnet\osipparser2\x64\debug\osip_cseq.obj
e:\code\third-party\osip\platform\vsnet\osipparser2\x64\debug\osip_content_type.obj
e:\code\third-party\osip\platform\vsnet\osipparser2\x64\debug\osip_content_length.obj
e:\code\third-party\osip\platform\vsnet\osipparser2\x64\debug\osip_content_encoding.obj
e:\code\third-party\osip\platform\vsnet\osipparser2\x64\debug\osip_content_disposition.obj
e:\code\third-party\osip\platform\vsnet\osipparser2\x64\debug\osip_contact.obj
e:\code\third-party\osip\platform\vsnet\osipparser2\x64\debug\osip_call_info.obj
e:\code\third-party\osip\platform\vsnet\osipparser2\x64\debug\osip_call_id.obj
e:\code\third-party\osip\platform\vsnet\osipparser2\x64\debug\osip_body.obj
e:\code\third-party\osip\platform\vsnet\osipparser2\x64\debug\osip_authorization.obj
e:\code\third-party\osip\platform\vsnet\osipparser2\x64\debug\osip_authentication_info.obj
e:\code\third-party\osip\platform\vsnet\osipparser2\x64\debug\osip_allow.obj
e:\code\third-party\osip\platform\vsnet\osipparser2\x64\debug\osip_alert_info.obj
e:\code\third-party\osip\platform\vsnet\osipparser2\x64\debug\osip_accept_language.obj
e:\code\third-party\osip\platform\vsnet\osipparser2\x64\debug\osip_accept_encoding.obj
e:\code\third-party\osip\platform\vsnet\osipparser2\x64\debug\osip_accept.obj
e:\code\third-party\osip\platform\vsnet\osipparser2\x64\debug\sdp_message.obj
e:\code\third-party\osip\platform\vsnet\osipparser2\x64\debug\sdp_accessor.obj
e:\code\third-party\osip\platform\vsnet\osipparser2\x64\debug\osip_www_authenticate.obj
e:\code\third-party\osip\platform\vsnet\osipparser2\x64\debug\osip_via.obj
e:\code\third-party\osip\platform\vsnet\osipparser2\x64\debug\osip_uri.obj
e:\code\third-party\osip\platform\vsnet\osipparser2\x64\debug\osip_to.obj
e:\code\third-party\osip\platform\vsnet\osipparser2\x64\debug\osip_route.obj
e:\code\third-party\osip\platform\vsnet\osipparser2\x64\debug\osip_record_route.obj
e:\code\third-party\osip\platform\vsnet\osipparser2\x64\debug\osip_proxy_authorization.obj
e:\code\third-party\osip\platform\vsnet\osipparser2\x64\debug\osip_proxy_authentication_info.obj
e:\code\third-party\osip\platform\vsnet\osipparser2\x64\debug\osip_proxy_authenticate.obj
e:\code\third-party\osip\platform\vsnet\osipparser2\x64\debug\osip_port.obj
e:\code\third-party\osip\platform\vsnet\osipparser2\x64\debug\osip_parser_cfg.obj
e:\code\third-party\osip\platform\vsnet\osipparser2\x64\debug\osip_mime_version.obj
e:\code\third-party\osip\platform\vsnet\osipparser2\x64\debug\osip_message_to_str.obj
e:\code\third-party\osip\platform\vsnet\osipparser2\x64\debug\osip_message_parse.obj
e:\code\third-party\osip\platform\vsnet\osipparser2\x64\debug\osip_message.obj
e:\code\third-party\osip\platform\vsnet\osipparser2\x64\debug\osip_md5c.obj
e:\code\third-party\exosip\platform\vsnet\v141\x64\debug\osipparser2.lib
e:\code\third-party\exosip\platform\vsnet\v141\x64\debug\osipparser2.ilk
e:\code\third-party\exosip\platform\vsnet\v141\x64\debug\osipparser2.dll
e:\code\third-party\exosip\platform\vsnet\v141\x64\debug\osipparser2.pdb
e:\code\third-party\osip\platform\vsnet\osipparser2\x64\debug\osipparser2.tlog\cl.command.1.tlog
e:\code\third-party\osip\platform\vsnet\osipparser2\x64\debug\osipparser2.tlog\cl.read.1.tlog
e:\code\third-party\osip\platform\vsnet\osipparser2\x64\debug\osipparser2.tlog\cl.write.1.tlog
e:\code\third-party\osip\platform\vsnet\osipparser2\x64\debug\osipparser2.tlog\lib-link.read.1.tlog
e:\code\third-party\osip\platform\vsnet\osipparser2\x64\debug\osipparser2.tlog\lib-link.write.1.tlog
e:\code\third-party\osip\platform\vsnet\osipparser2\x64\debug\osipparser2.tlog\lib.command.1.tlog
e:\code\third-party\osip\platform\vsnet\osipparser2\x64\debug\osipparser2.tlog\link.command.1.tlog
e:\code\third-party\osip\platform\vsnet\osipparser2\x64\debug\osipparser2.tlog\link.read.1.tlog
e:\code\third-party\osip\platform\vsnet\osipparser2\x64\debug\osipparser2.tlog\link.write.1.tlog
e:\code\third-party\osip\platform\vsnet\osipparser2\x64\debug\osipparser2.tlog\osipparser2.write.1u.tlog
